<?xml version="1.0" encoding="UTF-8"?>
<robot generator="Robot 4.0.3 (Python 3.9.6 on win32)" generated="20210712 13:14:37.253" rpa="false" schemaversion="2">
<suite id="s1" name="Web Test" source="c:\Users\Vinicius\Documents\projetos\PrimeExperts_junho_28_2021\desafio_web\web_test.robot">
<kw name="Abrir o navegador" library="resource_web" type="SETUP">
<kw name="Open Browser" library="SeleniumLibrary">
<arg>browser=chrome</arg>
<doc>Opens a new browser instance to the optional ``url``.</doc>
<msg timestamp="20210712 13:14:37.563" level="INFO">Opening browser 'chrome' to base url 'None'.</msg>
<status status="PASS" starttime="20210712 13:14:37.563" endtime="20210712 13:14:38.977"/>
</kw>
<status status="PASS" starttime="20210712 13:14:37.562" endtime="20210712 13:14:38.977"/>
</kw>
<test id="s1-t1" name="Caso de Teste 01: Pesquisar produto existente">
<kw name="Acessar a página home do site Automation Practice" library="resource_web">
<kw name="Go To" library="SeleniumLibrary">
<arg>${URL}</arg>
<doc>Navigates the current browser window to the provided ``url``.</doc>
<msg timestamp="20210712 13:14:38.980" level="INFO">Opening url 'http://automationpractice.com'</msg>
<status status="PASS" starttime="20210712 13:14:38.979" endtime="20210712 13:14:40.346"/>
</kw>
<status status="PASS" starttime="20210712 13:14:38.979" endtime="20210712 13:14:40.346"/>
</kw>
<kw name="Digitar o nome do produto &quot;Blouse&quot; no campo de pesquisa" library="resource_web" sourcename="Digitar o nome do produto &quot;${produto}&quot; no campo de pesquisa">
<kw name="Wait Until Element Is Visible" library="SeleniumLibrary">
<arg>id:search_query_top</arg>
<doc>Waits until the element ``locator`` is visible.</doc>
<msg timestamp="20210712 13:15:09.028" level="WARN">Keyword 'Capture Page Screenshot' could not be run on failure: Message: chrome not reachable
  (Session info: chrome=91.0.4472.124)
</msg>
<msg timestamp="20210712 13:15:09.036" level="FAIL">WebDriverException: Message: chrome not reachable
  (Session info: chrome=91.0.4472.124)
</msg>
<status status="FAIL" starttime="20210712 13:14:40.347" endtime="20210712 13:15:09.036"/>
</kw>
<kw name="Input Text" library="SeleniumLibrary">
<arg>id:search_query_top</arg>
<arg>${produto}</arg>
<doc>Types the given ``text`` into the text field identified by ``locator``.</doc>
<status status="NOT RUN" starttime="20210712 13:15:09.036" endtime="20210712 13:15:09.037"/>
</kw>
<status status="FAIL" starttime="20210712 13:14:40.346" endtime="20210712 13:15:09.037"/>
</kw>
<kw name="Clicar no botão pesquisar" library="resource_web">
<status status="NOT RUN" starttime="20210712 13:15:09.037" endtime="20210712 13:15:09.037"/>
</kw>
<kw name="Conferir se o produto &quot;Blouse&quot; foi listado no site" library="resource_web" sourcename="Conferir se o produto &quot;${produto}&quot; foi listado no site">
<status status="NOT RUN" starttime="20210712 13:15:09.038" endtime="20210712 13:15:09.038"/>
</kw>
<status status="FAIL" starttime="20210712 13:14:38.977" endtime="20210712 13:15:09.038">WebDriverException: Message: chrome not reachable
  (Session info: chrome=91.0.4472.124)
</status>
</test>
<test id="s1-t2" name="Caso de Teste 02: Pesquisar produto inexistente">
<kw name="Acessar a página home do site Automation Practice" library="resource_web">
<kw name="Go To" library="SeleniumLibrary">
<arg>${URL}</arg>
<doc>Navigates the current browser window to the provided ``url``.</doc>
<msg timestamp="20210712 13:15:09.042" level="INFO">Opening url 'http://automationpractice.com'</msg>
<msg timestamp="20210712 13:15:33.321" level="WARN">Keyword 'Capture Page Screenshot' could not be run on failure: Message: chrome not reachable
  (Session info: chrome=91.0.4472.124)
</msg>
<msg timestamp="20210712 13:15:33.323" level="FAIL">WebDriverException: Message: chrome not reachable
  (Session info: chrome=91.0.4472.124)
</msg>
<status status="FAIL" starttime="20210712 13:15:09.041" endtime="20210712 13:15:33.323"/>
</kw>
<status status="FAIL" starttime="20210712 13:15:09.041" endtime="20210712 13:15:33.323"/>
</kw>
<kw name="Digitar o nome do produto &quot;itemNãoExistente&quot; no campo de pesquisa" library="resource_web" sourcename="Digitar o nome do produto &quot;${produto}&quot; no campo de pesquisa">
<status status="NOT RUN" starttime="20210712 13:15:33.324" endtime="20210712 13:15:33.324"/>
</kw>
<kw name="Clicar no botão pesquisar" library="resource_web">
<status status="NOT RUN" starttime="20210712 13:15:33.324" endtime="20210712 13:15:33.324"/>
</kw>
<kw name="Conferir mensagem de erro &quot;${MENSAGEM_ALERTA}&quot;" library="resource_web" sourcename="Conferir Mensagem De Erro &quot;${MENSAGEM_ALERTA}&quot;">
<status status="NOT RUN" starttime="20210712 13:15:33.324" endtime="20210712 13:15:33.324"/>
</kw>
<status status="FAIL" starttime="20210712 13:15:09.040" endtime="20210712 13:15:33.324">WebDriverException: Message: chrome not reachable
  (Session info: chrome=91.0.4472.124)
</status>
</test>
<test id="s1-t3" name="Caso de Teste 03: Listar Produtos">
<kw name="Acessar a página home do site Automation Practice" library="resource_web">
<kw name="Go To" library="SeleniumLibrary">
<arg>${URL}</arg>
<doc>Navigates the current browser window to the provided ``url``.</doc>
<msg timestamp="20210712 13:15:33.327" level="INFO">Opening url 'http://automationpractice.com'</msg>
<msg timestamp="20210712 13:15:57.626" level="WARN">Keyword 'Capture Page Screenshot' could not be run on failure: Message: chrome not reachable
  (Session info: chrome=91.0.4472.124)
</msg>
<msg timestamp="20210712 13:15:57.628" level="FAIL">WebDriverException: Message: chrome not reachable
  (Session info: chrome=91.0.4472.124)
</msg>
<status status="FAIL" starttime="20210712 13:15:33.326" endtime="20210712 13:15:57.628"/>
</kw>
<status status="FAIL" starttime="20210712 13:15:33.326" endtime="20210712 13:15:57.629"/>
</kw>
<kw name="Passar o mouse por cima da categoria &quot;Women&quot; no menu principal superior de categorias" library="resource_web" sourcename="Passar o mouse por cima da categoria &quot;${WOMEN}&quot; no menu principal superior de categorias">
<status status="NOT RUN" starttime="20210712 13:15:57.630" endtime="20210712 13:15:57.630"/>
</kw>
<kw name="Clicar na sub categoria &quot;Summer Dresses&quot;" library="resource_web" sourcename="Clicar na sub categoria &quot;${SUMMER}&quot;">
<status status="NOT RUN" starttime="20210712 13:15:57.630" endtime="20210712 13:15:57.630"/>
</kw>
<kw name="Conferir se os produtos da sub-categoria &quot;Summer Dresses&quot; foram mostrados na página" library="resource_web" sourcename="Conferir se os produtos da sub-categoria &quot;${SUMMER}&quot; foram mostrados na página">
<status status="NOT RUN" starttime="20210712 13:15:57.630" endtime="20210712 13:15:57.630"/>
</kw>
<status status="FAIL" starttime="20210712 13:15:33.325" endtime="20210712 13:15:57.631">WebDriverException: Message: chrome not reachable
  (Session info: chrome=91.0.4472.124)
</status>
</test>
<test id="s1-t4" name="Caso de Teste 04: Adicionar Cliente">
<kw name="Acessar a página home do site Automation Practice" library="resource_web">
<kw name="Go To" library="SeleniumLibrary">
<arg>${URL}</arg>
<doc>Navigates the current browser window to the provided ``url``.</doc>
<msg timestamp="20210712 13:15:57.635" level="INFO">Opening url 'http://automationpractice.com'</msg>
<msg timestamp="20210712 13:16:21.918" level="WARN">Keyword 'Capture Page Screenshot' could not be run on failure: Message: chrome not reachable
  (Session info: chrome=91.0.4472.124)
</msg>
<msg timestamp="20210712 13:16:21.920" level="FAIL">WebDriverException: Message: chrome not reachable
  (Session info: chrome=91.0.4472.124)
</msg>
<status status="FAIL" starttime="20210712 13:15:57.635" endtime="20210712 13:16:21.920"/>
</kw>
<status status="FAIL" starttime="20210712 13:15:57.634" endtime="20210712 13:16:21.920"/>
</kw>
<kw name="Clicar em &quot;Sign in&quot;" library="resource_web">
<status status="NOT RUN" starttime="20210712 13:16:21.921" endtime="20210712 13:16:21.921"/>
</kw>
<kw name="Informar um e-mail válido" library="resource_web">
<status status="NOT RUN" starttime="20210712 13:16:21.921" endtime="20210712 13:16:21.921"/>
</kw>
<kw name="Clicar em &quot;Create an account&quot;" library="resource_web">
<status status="NOT RUN" starttime="20210712 13:16:21.921" endtime="20210712 13:16:21.922"/>
</kw>
<kw name="Preencher os dados obrigatórios" library="resource_web">
<status status="NOT RUN" starttime="20210712 13:16:21.922" endtime="20210712 13:16:21.922"/>
</kw>
<kw name="Submeter cadastro" library="resource_web">
<status status="NOT RUN" starttime="20210712 13:16:21.922" endtime="20210712 13:16:21.922"/>
</kw>
<kw name="Conferir se o cadastro foi efetuado com sucesso" library="resource_web">
<status status="NOT RUN" starttime="20210712 13:16:21.922" endtime="20210712 13:16:21.922"/>
</kw>
<status status="FAIL" starttime="20210712 13:15:57.632" endtime="20210712 13:16:21.923">WebDriverException: Message: chrome not reachable
  (Session info: chrome=91.0.4472.124)
</status>
</test>
<kw name="Fechar o navegador" library="resource_web" type="TEARDOWN">
<kw name="Close Browser" library="SeleniumLibrary">
<doc>Closes the current browser.</doc>
<status status="PASS" starttime="20210712 13:16:21.926" endtime="20210712 13:16:24.046"/>
</kw>
<status status="PASS" starttime="20210712 13:16:21.925" endtime="20210712 13:16:24.047"/>
</kw>
<doc>teste case web</doc>
<status status="FAIL" starttime="20210712 13:14:37.255" endtime="20210712 13:16:24.047"/>
</suite>
<statistics>
<total>
<stat pass="0" fail="4" skip="0">All Tests</stat>
</total>
<tag>
</tag>
<suite>
<stat pass="0" fail="4" skip="0" id="s1" name="Web Test">Web Test</stat>
</suite>
</statistics>
<errors>
<msg timestamp="20210712 13:15:09.028" level="WARN">Keyword 'Capture Page Screenshot' could not be run on failure: Message: chrome not reachable
  (Session info: chrome=91.0.4472.124)
</msg>
<msg timestamp="20210712 13:15:33.321" level="WARN">Keyword 'Capture Page Screenshot' could not be run on failure: Message: chrome not reachable
  (Session info: chrome=91.0.4472.124)
</msg>
<msg timestamp="20210712 13:15:57.626" level="WARN">Keyword 'Capture Page Screenshot' could not be run on failure: Message: chrome not reachable
  (Session info: chrome=91.0.4472.124)
</msg>
<msg timestamp="20210712 13:16:21.918" level="WARN">Keyword 'Capture Page Screenshot' could not be run on failure: Message: chrome not reachable
  (Session info: chrome=91.0.4472.124)
</msg>
</errors>
</robot>
